<?xml version="1.0" encoding="UTF-8"?>
<!-- Generated by org.testng.reporters.JUnitXMLReporter -->
<testsuite hostname="Virendra-PC" ignored="0" name="Test" tests="3" failures="1" timestamp="07 Jul 2022 03:49:18 GMT" time="14.531" errors="0">
  <testcase name="HomePageTc1" time="0.055" classname="KisanYardPageTest.HomePage_Tests"/>
  <testcase name="HomePageTc2" time="5.455" classname="KisanYardPageTest.HomePage_Tests">
    <failure type="java.lang.AssertionError" message="expected [false] but found [true]">
      <![CDATA[java.lang.AssertionError: expected [false] but found [true]
at KissanYardPageAction.HomePage_Action.clickLogin(HomePage_Action.java:48)
at KisanYardPageTest.HomePage_Tests.HomePageTc2(HomePage_Tests.java:27)
... Removed 32 stack frames]]>
    </failure>
  </testcase> <!-- HomePageTc2 -->
  <testcase name="HomePageTc3" time="7.226" classname="KisanYardPageTest.HomePage_Tests"/>
</testsuite> <!-- Test -->
