<?xml version="1.0" encoding="UTF-8"?>
<testng-results skipped="0" failed="1" ignored="0" total="3" passed="2">
  <reporter-output>
  </reporter-output>
  <suite name="Suite" duration-ms="14531" started-at="2022-07-07T03:49:04Z" finished-at="2022-07-07T03:49:18Z">
    <groups>
    </groups>
    <test name="Test" duration-ms="14531" started-at="2022-07-07T03:49:04Z" finished-at="2022-07-07T03:49:18Z">
      <class name="KisanYardPageTest.HomePage_Tests">
        <test-method status="PASS" signature="beforesuite()[pri:0, instance:KisanYardPageTest.HomePage_Tests@1324409e]" name="beforesuite" is-config="true" duration-ms="20991" started-at="2022-07-07T03:48:43Z" finished-at="2022-07-07T03:49:04Z">
          <reporter-output>
          </reporter-output>
        </test-method> <!-- beforesuite -->
        <test-method status="PASS" signature="beforeEachTest(java.lang.reflect.Method)[pri:0, instance:KisanYardPageTest.HomePage_Tests@1324409e]" name="beforeEachTest" is-config="true" duration-ms="6" started-at="2022-07-07T03:49:04Z" finished-at="2022-07-07T03:49:04Z">
          <params>
            <param index="0">
              <value>
                <![CDATA[public void KisanYardPageTest.HomePage_Tests.HomePageTc1() throws java.io.IOException]]>
              </value>
            </param>
          </params>
          <reporter-output>
          </reporter-output>
        </test-method> <!-- beforeEachTest -->
        <test-method status="PASS" signature="HomePageTc1()[pri:0, instance:KisanYardPageTest.HomePage_Tests@1324409e]" name="HomePageTc1" duration-ms="55" started-at="2022-07-07T03:49:04Z" finished-at="2022-07-07T03:49:04Z">
          <reporter-output>
          </reporter-output>
        </test-method> <!-- HomePageTc1 -->
        <test-method status="PASS" signature="afterEachTest()[pri:0, instance:KisanYardPageTest.HomePage_Tests@1324409e]" name="afterEachTest" is-config="true" duration-ms="114" started-at="2022-07-07T03:49:04Z" finished-at="2022-07-07T03:49:04Z">
          <reporter-output>
          </reporter-output>
        </test-method> <!-- afterEachTest -->
        <test-method status="PASS" signature="beforeEachTest(java.lang.reflect.Method)[pri:0, instance:KisanYardPageTest.HomePage_Tests@1324409e]" name="beforeEachTest" is-config="true" duration-ms="0" started-at="2022-07-07T03:49:04Z" finished-at="2022-07-07T03:49:04Z">
          <params>
            <param index="0">
              <value>
                <![CDATA[public void KisanYardPageTest.HomePage_Tests.HomePageTc2() throws java.io.IOException]]>
              </value>
            </param>
          </params>
          <reporter-output>
          </reporter-output>
        </test-method> <!-- beforeEachTest -->
        <test-method status="FAIL" signature="HomePageTc2()[pri:0, instance:KisanYardPageTest.HomePage_Tests@1324409e]" name="HomePageTc2" duration-ms="5455" started-at="2022-07-07T03:49:04Z" finished-at="2022-07-07T03:49:09Z">
          <exception class="java.lang.AssertionError">
            <message>
              <![CDATA[expected [false] but found [true]]]>
            </message>
            <full-stacktrace>
              <![CDATA[java.lang.AssertionError: expected [false] but found [true]
at org.testng.Assert.fail(Assert.java:96)
at org.testng.Assert.failNotEquals(Assert.java:776)
at org.testng.Assert.assertFalse(Assert.java:65)
at org.testng.Assert.assertFalse(Assert.java:75)
at KissanYardPageAction.HomePage_Action.clickLogin(HomePage_Action.java:48)
at KisanYardPageTest.HomePage_Tests.HomePageTc2(HomePage_Tests.java:27)
at sun.reflect.NativeMethodAccessorImpl.invoke0(Native Method)
at sun.reflect.NativeMethodAccessorImpl.invoke(NativeMethodAccessorImpl.java:62)
at sun.reflect.DelegatingMethodAccessorImpl.invoke(DelegatingMethodAccessorImpl.java:43)
at java.lang.reflect.Method.invoke(Method.java:483)
at org.testng.internal.MethodInvocationHelper.invokeMethod(MethodInvocationHelper.java:124)
at org.testng.internal.Invoker.invokeMethod(Invoker.java:583)
at org.testng.internal.Invoker.invokeTestMethod(Invoker.java:719)
at org.testng.internal.Invoker.invokeTestMethods(Invoker.java:989)
at org.testng.internal.TestMethodWorker.invokeTestMethods(TestMethodWorker.java:125)
at org.testng.internal.TestMethodWorker.run(TestMethodWorker.java:109)
at org.testng.TestRunner.privateRun(TestRunner.java:648)
at org.testng.TestRunner.run(TestRunner.java:505)
at org.testng.SuiteRunner.runTest(SuiteRunner.java:455)
at org.testng.SuiteRunner.runSequentially(SuiteRunner.java:450)
at org.testng.SuiteRunner.privateRun(SuiteRunner.java:415)
at org.testng.SuiteRunner.run(SuiteRunner.java:364)
at org.testng.SuiteRunnerWorker.runSuite(SuiteRunnerWorker.java:52)
at org.testng.SuiteRunnerWorker.run(SuiteRunnerWorker.java:84)
at org.testng.TestNG.runSuitesSequentially(TestNG.java:1208)
at org.testng.TestNG.runSuitesLocally(TestNG.java:1137)
at org.testng.TestNG.runSuites(TestNG.java:1049)
at org.testng.TestNG.run(TestNG.java:1017)
at org.apache.maven.surefire.testng.TestNGExecutor.run(TestNGExecutor.java:295)
at org.apache.maven.surefire.testng.TestNGXmlTestSuite.execute(TestNGXmlTestSuite.java:84)
at org.apache.maven.surefire.testng.TestNGProvider.invoke(TestNGProvider.java:90)
at org.apache.maven.surefire.booter.ForkedBooter.invokeProviderInSameClassLoader(ForkedBooter.java:203)
at org.apache.maven.surefire.booter.ForkedBooter.runSuitesInProcess(ForkedBooter.java:155)
at org.apache.maven.surefire.booter.ForkedBooter.main(ForkedBooter.java:103)
]]>
            </full-stacktrace>
          </exception> <!-- java.lang.AssertionError -->
          <reporter-output>
          </reporter-output>
        </test-method> <!-- HomePageTc2 -->
        <test-method status="PASS" signature="afterEachTest()[pri:0, instance:KisanYardPageTest.HomePage_Tests@1324409e]" name="afterEachTest" is-config="true" duration-ms="71" started-at="2022-07-07T03:49:09Z" finished-at="2022-07-07T03:49:09Z">
          <reporter-output>
          </reporter-output>
        </test-method> <!-- afterEachTest -->
        <test-method status="PASS" signature="beforeEachTest(java.lang.reflect.Method)[pri:0, instance:KisanYardPageTest.HomePage_Tests@1324409e]" name="beforeEachTest" is-config="true" duration-ms="0" started-at="2022-07-07T03:49:09Z" finished-at="2022-07-07T03:49:09Z">
          <params>
            <param index="0">
              <value>
                <![CDATA[public void KisanYardPageTest.HomePage_Tests.HomePageTc3() throws java.io.IOException]]>
              </value>
            </param>
          </params>
          <reporter-output>
          </reporter-output>
        </test-method> <!-- beforeEachTest -->
        <test-method status="PASS" signature="HomePageTc3()[pri:0, instance:KisanYardPageTest.HomePage_Tests@1324409e]" name="HomePageTc3" duration-ms="7226" started-at="2022-07-07T03:49:09Z" finished-at="2022-07-07T03:49:17Z">
          <reporter-output>
          </reporter-output>
        </test-method> <!-- HomePageTc3 -->
        <test-method status="PASS" signature="afterEachTest()[pri:0, instance:KisanYardPageTest.HomePage_Tests@1324409e]" name="afterEachTest" is-config="true" duration-ms="22" started-at="2022-07-07T03:49:17Z" finished-at="2022-07-07T03:49:17Z">
          <reporter-output>
          </reporter-output>
        </test-method> <!-- afterEachTest -->
        <test-method status="PASS" signature="afterSuite()[pri:0, instance:KisanYardPageTest.HomePage_Tests@1324409e]" name="afterSuite" is-config="true" duration-ms="1538" started-at="2022-07-07T03:49:17Z" finished-at="2022-07-07T03:49:18Z">
          <reporter-output>
          </reporter-output>
        </test-method> <!-- afterSuite -->
      </class> <!-- KisanYardPageTest.HomePage_Tests -->
    </test> <!-- Test -->
  </suite> <!-- Suite -->
</testng-results>
